{
  "stats": {
    "suites": 1,
    "tests": 1,
    "passes": 0,
    "pending": 0,
    "failures": 1,
    "start": "2023-08-18T04:29:35.864Z",
    "end": "2023-08-18T04:31:00.982Z",
    "duration": 85118,
    "testsRegistered": 1,
    "passPercent": 0,
    "pendingPercent": 0,
    "other": 0,
    "hasOther": false,
    "skipped": 0,
    "hasSkipped": false
  },
  "results": [
    {
      "uuid": "a105c385-f8a9-484b-bc57-b4a43a84cb8c",
      "title": "",
      "fullFile": "cypress\\integration\\examples\\MyntraTest.js",
      "file": "cypress\\integration\\examples\\MyntraTest.js",
      "beforeHooks": [],
      "afterHooks": [],
      "tests": [],
      "suites": [
        {
          "uuid": "8c491de5-1e30-40e0-89a2-d46fca06b52f",
          "title": "Myntra Test",
          "fullFile": "",
          "file": "",
          "beforeHooks": [],
          "afterHooks": [],
          "tests": [
            {
              "title": "Verification of Myntra Search Filter Functionality",
              "fullTitle": "Myntra Test Verification of Myntra Search Filter Functionality",
              "timedOut": null,
              "duration": 1821,
              "state": "failed",
              "speed": null,
              "pass": false,
              "fail": true,
              "pending": false,
              "context": null,
              "code": "const myntraWatchPage = new _MyntraWatchPage.default();\nconst myntraHomePage = new _MyntraHomePage.default();\ncy.visit(Cypress.env('url'), {\n  headers: {\n    \"Accept-Encoding\": \"gzip, deflate\"\n  }\n});\ncy.title().should('eq', this.data.homePageTitle);\ncy.title().should('include', 'Myntra');\ncy.get('a').contains('Fashion Accessories').click({\n  force: true\n});\ncy.get('li').contains('Watches').then(() => {\n  myntraHomePage.getProduct(this.data.productName.watch).click({\n    force: true\n  });\n});\n// Another way to achieve click while user mouse hover (in some places {force: true} will work , in some places invoking show will work)\n// cy.get('span').contains('Electronics').invoke('show');   \ncy.title().should('eq', this.data.fashionAccessoriesPageTitle);\ncy.title().should('include', 'Accessories');\ncy.selectFilterCheckbox(this.data.watch.filters.brand.titan);\nmyntraWatchPage.getFilterValueSelected(this.data.watch.filters.brand.titan).should('be.visible');",
              "err": {
                "message": "TypeError: Cannot read properties of undefined (reading 'homePageTitle')",
                "estack": "TypeError: Cannot read properties of undefined (reading 'homePageTitle')\n    at Context.eval (webpack://cypressautomation/./cypress/integration/examples/MyntraTest.js:17:34)",
                "diff": null
              },
              "uuid": "152dad42-53fc-400d-8b63-767884cf052a",
              "parentUUID": "8c491de5-1e30-40e0-89a2-d46fca06b52f",
              "isHook": false,
              "skipped": false
            }
          ],
          "suites": [],
          "passes": [],
          "failures": [
            "152dad42-53fc-400d-8b63-767884cf052a"
          ],
          "pending": [],
          "skipped": [],
          "duration": 1821,
          "root": false,
          "rootEmpty": false,
          "_timeout": 2000
        }
      ],
      "passes": [],
      "failures": [],
      "pending": [],
      "skipped": [],
      "duration": 0,
      "root": true,
      "rootEmpty": true,
      "_timeout": 2000
    }
  ],
  "meta": {
    "mocha": {
      "version": "7.0.1"
    },
    "mochawesome": {
      "options": {
        "quiet": false,
        "reportFilename": "mochawesome",
        "saveHtml": true,
        "saveJson": true,
        "consoleReporter": "spec",
        "useInlineDiffs": false,
        "code": true
      },
      "version": "7.1.3"
    },
    "marge": {
      "options": null,
      "version": "6.2.0"
    }
  }
}